<?xml version="1.0" encoding="UTF-8"?>
<!-- Generated by org.testng.reporters.JUnitXMLReporter -->
<testsuite ignored="0" hostname="Kabir" failures="0" tests="8" name="LoginAPITest" time="16.486" errors="0" timestamp="2025-07-04T14:16:41 IST">
  <testcase classname="com.api.test.LoginAPITest" name="testEmptyRequestBody" time="4.204"/>
  <testcase classname="com.api.test.LoginAPITest" name="testInvalidEmailFormat" time="2.495"/>
  <testcase classname="com.api.test.LoginAPITest" name="testMissingEmail" time="1.207"/>
  <testcase classname="com.api.test.LoginAPITest" name="testMissingPassword" time="2.44"/>
  <testcase classname="com.api.test.LoginAPITest" name="testResponseTime" time="1.539"/>
  <testcase classname="com.api.test.LoginAPITest" name="testValidLogin" time="1.566"/>
  <testcase classname="com.api.test.LoginAPITest" name="testWrongCredentials" time="1.19"/>
  <testcase classname="com.api.test.LoginAPITest" name="testWrongHttpMethod" time="1.267"/>
</testsuite> <!-- LoginAPITest -->
