<?xml version="1.0" encoding="UTF-8"?>
<testng-results ignored="0" total="8" passed="8" failed="0" skipped="0">
  <reporter-output>
  </reporter-output>
  <suite started-at="2025-06-29T19:54:23 IST" name="Default suite" finished-at="2025-06-29T19:54:40 IST" duration-ms="16910">
    <groups>
    </groups>
    <test started-at="2025-06-29T19:54:23 IST" name="Default test" finished-at="2025-06-29T19:54:40 IST" duration-ms="16910">
      <class name="com.api.test.LoginAPITest">
        <test-method is-config="true" signature="setUp()[pri:0, instance:com.api.test.LoginAPITest@70e9c95d]" started-at="2025-06-29T19:54:23 IST" name="setUp" finished-at="2025-06-29T19:54:24 IST" duration-ms="673" status="PASS">
          <reporter-output>
          </reporter-output>
        </test-method> <!-- setUp -->
        <test-method signature="testEmptyRequestBody()[pri:0, instance:com.api.test.LoginAPITest@70e9c95d]" started-at="2025-06-29T19:54:24 IST" name="testEmptyRequestBody" description="Negative Test - Empty request body" finished-at="2025-06-29T19:54:28 IST" duration-ms="3560" status="PASS">
          <reporter-output>
          </reporter-output>
        </test-method> <!-- testEmptyRequestBody -->
        <test-method signature="testInvalidEmailFormat()[pri:0, instance:com.api.test.LoginAPITest@70e9c95d]" started-at="2025-06-29T19:54:28 IST" name="testInvalidEmailFormat" description="Negative Test - Invalid email format" finished-at="2025-06-29T19:54:30 IST" duration-ms="2354" status="PASS">
          <reporter-output>
          </reporter-output>
        </test-method> <!-- testInvalidEmailFormat -->
        <test-method signature="testMissingEmail()[pri:0, instance:com.api.test.LoginAPITest@70e9c95d]" started-at="2025-06-29T19:54:30 IST" name="testMissingEmail" description="Negative Test - Missing email" finished-at="2025-06-29T19:54:31 IST" duration-ms="1572" status="PASS">
          <reporter-output>
          </reporter-output>
        </test-method> <!-- testMissingEmail -->
        <test-method signature="testMissingPassword()[pri:0, instance:com.api.test.LoginAPITest@70e9c95d]" started-at="2025-06-29T19:54:31 IST" name="testMissingPassword" description="Negative Test - Missing password" finished-at="2025-06-29T19:54:34 IST" duration-ms="2140" status="PASS">
          <reporter-output>
          </reporter-output>
        </test-method> <!-- testMissingPassword -->
        <test-method signature="testResponseTime()[pri:0, instance:com.api.test.LoginAPITest@70e9c95d]" started-at="2025-06-29T19:54:34 IST" name="testResponseTime" description="Performance Test - Response time validation" finished-at="2025-06-29T19:54:35 IST" duration-ms="1548" status="PASS">
          <reporter-output>
          </reporter-output>
        </test-method> <!-- testResponseTime -->
        <test-method signature="testValidLogin()[pri:0, instance:com.api.test.LoginAPITest@70e9c95d]" started-at="2025-06-29T19:54:35 IST" name="testValidLogin" description="Positive Test - Valid login credentials" finished-at="2025-06-29T19:54:37 IST" duration-ms="1410" status="PASS">
          <reporter-output>
          </reporter-output>
        </test-method> <!-- testValidLogin -->
        <test-method signature="testWrongCredentials()[pri:0, instance:com.api.test.LoginAPITest@70e9c95d]" started-at="2025-06-29T19:54:37 IST" name="testWrongCredentials" description="Negative Test - Wrong credentials" finished-at="2025-06-29T19:54:38 IST" duration-ms="1263" status="PASS">
          <reporter-output>
          </reporter-output>
        </test-method> <!-- testWrongCredentials -->
        <test-method signature="testWrongHttpMethod()[pri:0, instance:com.api.test.LoginAPITest@70e9c95d]" started-at="2025-06-29T19:54:38 IST" name="testWrongHttpMethod" description="Negative Test - Using GET method instead of POST" finished-at="2025-06-29T19:54:40 IST" duration-ms="2296" status="PASS">
          <reporter-output>
          </reporter-output>
        </test-method> <!-- testWrongHttpMethod -->
      </class> <!-- com.api.test.LoginAPITest -->
    </test> <!-- Default test -->
  </suite> <!-- Default suite -->
</testng-results>
