<?xml version="1.0" encoding="UTF-8"?>
<!-- Generated by org.testng.reporters.JUnitReportReporter -->
<testsuite hostname="DESKTOP-PK5F6A8" failures="0" tests="8" name="com.api.test.LoginAPITest" time="16.143" errors="0" timestamp="2025-06-29T19:54:41 IST" skipped="0">
  <testcase classname="com.api.test.LoginAPITest" name="testResponseTime" time="1.548"/>
  <system-out/>
  <testcase classname="com.api.test.LoginAPITest" name="testWrongHttpMethod" time="2.296"/>
  <system-out/>
  <testcase classname="com.api.test.LoginAPITest" name="testValidLogin" time="1.410"/>
  <system-out/>
  <testcase classname="com.api.test.LoginAPITest" name="testWrongCredentials" time="1.263"/>
  <system-out/>
  <testcase classname="com.api.test.LoginAPITest" name="testMissingPassword" time="2.140"/>
  <system-out/>
  <testcase classname="com.api.test.LoginAPITest" name="testEmptyRequestBody" time="3.560"/>
  <system-out/>
  <testcase classname="com.api.test.LoginAPITest" name="testInvalidEmailFormat" time="2.354"/>
  <system-out/>
  <testcase classname="com.api.test.LoginAPITest" name="testMissingEmail" time="1.572"/>
  <system-out/>
</testsuite> <!-- com.api.test.LoginAPITest -->
