<?xml version="1.0" encoding="UTF-8"?>
<!-- Generated by org.testng.reporters.JUnitReportReporter -->
<testsuite hostname="Kabir" failures="0" tests="8" name="com.api.test.LoginAPITest" time="15.908" errors="0" timestamp="2025-07-04T14:16:41 IST" skipped="0">
  <testcase classname="com.api.test.LoginAPITest" name="testInvalidEmailFormat" time="2.495"/>
  <system-out/>
  <testcase classname="com.api.test.LoginAPITest" name="testMissingEmail" time="1.207"/>
  <system-out/>
  <testcase classname="com.api.test.LoginAPITest" name="testValidLogin" time="1.566"/>
  <system-out/>
  <testcase classname="com.api.test.LoginAPITest" name="testEmptyRequestBody" time="4.204"/>
  <system-out/>
  <testcase classname="com.api.test.LoginAPITest" name="testMissingPassword" time="2.440"/>
  <system-out/>
  <testcase classname="com.api.test.LoginAPITest" name="testWrongCredentials" time="1.190"/>
  <system-out/>
  <testcase classname="com.api.test.LoginAPITest" name="testWrongHttpMethod" time="1.267"/>
  <system-out/>
  <testcase classname="com.api.test.LoginAPITest" name="testResponseTime" time="1.539"/>
  <system-out/>
</testsuite> <!-- com.api.test.LoginAPITest -->
